<?xml version="1.0" encoding="UTF-8"?>
<!-- Generated by org.testng.reporters.JUnitXMLReporter -->
<testsuite ignored="1" hostname="Ambikeshs-MacBook-Air.local" failures="0" tests="1" name="Default test" time="13.958" errors="0" timestamp="2026-01-15T00:35:38 IST">
  <testcase classname="tests.FormPageTest" name="registerationTest" time="3.292"/>
  <testcase classname="tests.FormPageTest" name="practiceFormTest" time="0.0">
    <ignored/>
  </testcase> <!-- practiceFormTest -->
</testsuite> <!-- Default test -->
