<?xml version="1.0" encoding="UTF-8"?>
<!-- Generated by org.testng.reporters.JUnitXMLReporter -->
<testsuite ignored="1" hostname="Ambikeshs-MacBook-Air.local" failures="0" tests="3" name="Test" time="76.453" errors="0" timestamp="2026-01-25T03:10:39 IST">
  <testcase classname="tests.HomePageTest" name="homepageTest" time="8.269"/>
  <testcase classname="tests.FormPageTest" name="registerationTest" time="8.105"/>
  <testcase classname="tests.FormPageTest" name="practiceFormTest" time="34.937"/>
  <testcase classname="setup.TestSetup" name="@BeforeSuite beforeSuite" time="0.0">
    <ignored/>
  </testcase> <!-- @BeforeSuite beforeSuite -->
</testsuite> <!-- Test -->
