<?xml version="1.0" encoding="UTF-8"?>
<!-- Generated by org.testng.reporters.JUnitXMLReporter -->
<testsuite ignored="1" hostname="Ambikeshs-MacBook-Air.local" failures="0" tests="3" name="Test" time="46.874" errors="0" timestamp="2026-01-25T03:33:17 IST">
  <testcase classname="tests.HomePageTest" name="homepageTest" time="3.427"/>
  <testcase classname="tests.FormPageTest" name="registerationTest" time="7.172"/>
  <testcase classname="tests.FormPageTest" name="practiceFormTest" time="33.521"/>
  <testcase classname="setup.TestSetup" name="@BeforeSuite beforeSuite" time="0.0">
    <ignored/>
  </testcase> <!-- @BeforeSuite beforeSuite -->
</testsuite> <!-- Test -->
