<?xml version="1.0" encoding="UTF-8"?>
<!-- Generated by org.testng.reporters.JUnitXMLReporter -->
<testsuite ignored="1" hostname="Ambikeshs-MacBook-Air.local" failures="0" tests="2" name="Test" time="41.674" errors="0" timestamp="2026-01-15T00:16:06 IST">
  <testcase classname="tests.HomePageTest" name="homepageTest" time="1.606"/>
  <testcase classname="tests.FormPageTest" name="practiceFormTest" time="30.358"/>
  <testcase classname="setup.TestSetup" name="@BeforeSuite beforeSuite" time="0.0">
    <ignored/>
  </testcase> <!-- @BeforeSuite beforeSuite -->
</testsuite> <!-- Test -->
