<?xml version="1.0" encoding="UTF-8"?>
<testng-results ignored="1" total="2" passed="1" failed="0" skipped="0">
  <reporter-output>
  </reporter-output>
  <suite started-at="2026-01-15T00:35:24 IST" name="Default suite" finished-at="2026-01-15T00:35:38 IST" duration-ms="13958">
    <groups>
    </groups>
    <test started-at="2026-01-15T00:35:24 IST" name="Default test" finished-at="2026-01-15T00:35:38 IST" duration-ms="13958">
      <class name="tests.FormPageTest">
        <test-method is-config="true" signature="beforeSuite()[pri:0, instance:tests.FormPageTest@5b367418]" started-at="2026-01-15T00:35:24 IST" name="beforeSuite" finished-at="2026-01-15T00:35:24 IST" duration-ms="5" status="PASS">
          <reporter-output>
          </reporter-output>
        </test-method> <!-- beforeSuite -->
        <test-method is-config="true" signature="setup()[pri:0, instance:tests.FormPageTest@5b367418]" started-at="2026-01-15T00:35:24 IST" name="setup" finished-at="2026-01-15T00:35:34 IST" duration-ms="9934" status="PASS">
          <reporter-output>
          </reporter-output>
        </test-method> <!-- setup -->
        <test-method signature="registerationTest()[pri:0, instance:tests.FormPageTest@5b367418]" started-at="2026-01-15T00:35:34 IST" name="registerationTest" finished-at="2026-01-15T00:35:37 IST" duration-ms="3292" status="PASS">
          <reporter-output>
          </reporter-output>
        </test-method> <!-- registerationTest -->
        <test-method is-config="true" signature="tearDown()[pri:0, instance:tests.FormPageTest@5b367418]" started-at="2026-01-15T00:35:38 IST" name="tearDown" finished-at="2026-01-15T00:35:38 IST" duration-ms="92" status="PASS">
          <reporter-output>
          </reporter-output>
        </test-method> <!-- tearDown -->
      </class> <!-- tests.FormPageTest -->
    </test> <!-- Default test -->
  </suite> <!-- Default suite -->
</testng-results>
