<?xml version="1.0" encoding="UTF-8"?>
<testng-results ignored="0" total="1" passed="1" failed="0" skipped="0">
  <reporter-output>
  </reporter-output>
  <suite started-at="2026-01-11T23:30:33 IST" name="Default suite" finished-at="2026-01-11T23:30:43 IST" duration-ms="9686">
    <groups>
    </groups>
    <test started-at="2026-01-11T23:30:33 IST" name="Default test" finished-at="2026-01-11T23:30:43 IST" duration-ms="9686">
      <class name="tests.HomePageTest">
        <test-method is-config="true" signature="setup()[pri:0, instance:tests.HomePageTest@7164ca4c]" started-at="2026-01-11T23:30:33 IST" name="setup" finished-at="2026-01-11T23:30:42 IST" duration-ms="8758" status="PASS">
          <reporter-output>
          </reporter-output>
        </test-method> <!-- setup -->
        <test-method signature="homepageTest()[pri:0, instance:tests.HomePageTest@7164ca4c]" started-at="2026-01-11T23:30:42 IST" name="homepageTest" finished-at="2026-01-11T23:30:42 IST" duration-ms="774" status="PASS">
          <reporter-output>
          </reporter-output>
        </test-method> <!-- homepageTest -->
        <test-method is-config="true" signature="tearDown()[pri:0, instance:tests.HomePageTest@7164ca4c]" started-at="2026-01-11T23:30:42 IST" name="tearDown" finished-at="2026-01-11T23:30:43 IST" duration-ms="90" status="PASS">
          <reporter-output>
          </reporter-output>
        </test-method> <!-- tearDown -->
      </class> <!-- tests.HomePageTest -->
    </test> <!-- Default test -->
  </suite> <!-- Default suite -->
</testng-results>
